2019-06-18 10:54:49,488 INFO ---------------------------------------------------------------------------
2019-06-18 10:54:49,488 INFO |                           2019-06-18 10:54:49                           |
2019-06-18 10:54:49,488 INFO ---------------------------------------------------------------------------
2019-06-18 10:54:49,488 INFO 
2019-06-18 10:56:36,167 INFO Crypto-market data written successfully
2019-06-18 10:59:00,247 INFO ---------------------------------------------------------------------------
2019-06-18 10:59:00,247 INFO |                           2019-06-18 10:59:00                           |
2019-06-18 10:59:00,247 INFO ---------------------------------------------------------------------------
2019-06-18 10:59:00,247 INFO 
2019-06-18 10:59:00,700 INFO Crypto-market data written successfully
2019-06-18 11:00:24,667 INFO ---------------------------------------------------------------------------
2019-06-18 11:00:24,667 INFO |                           2019-06-18 11:00:24                           |
2019-06-18 11:00:24,667 INFO ---------------------------------------------------------------------------
2019-06-18 11:00:24,667 INFO 
2019-06-18 11:00:24,667 ERROR CoinCheckupAPI >> _get_unix_timestamp > day is out of range for month
2019-06-18 11:04:20,246 INFO ---------------------------------------------------------------------------
2019-06-18 11:04:20,246 INFO |                           2019-06-18 11:04:20                           |
2019-06-18 11:04:20,246 INFO ---------------------------------------------------------------------------
2019-06-18 11:04:20,246 INFO 
2019-06-18 11:04:20,246 ERROR CoinCheckupAPI >> _get_unix_timestamp > day is out of range for month
2019-06-18 11:04:20,246 ERROR either start or end is not a proper date; recheck parameters
2019-06-18 11:08:20,877 INFO ---------------------------------------------------------------------------
2019-06-18 11:08:20,877 INFO |                           2019-06-18 11:08:20                           |
2019-06-18 11:08:20,877 INFO ---------------------------------------------------------------------------
2019-06-18 11:08:20,877 INFO 
2019-06-18 11:08:20,877 ERROR The end date must come after the start date
2019-06-18 11:08:43,816 INFO ---------------------------------------------------------------------------
2019-06-18 11:08:43,816 INFO |                           2019-06-18 11:08:43                           |
2019-06-18 11:08:43,816 INFO ---------------------------------------------------------------------------
2019-06-18 11:08:43,816 INFO 
2019-06-18 11:08:43,816 ERROR Lib/MarketData.csv is an invalid filepath; recheck parameters
2019-06-18 11:08:43,816 ERROR Error message: [Errno 2] No such file or directory: 'Lib/MarketData.csv'
2019-06-18 11:09:20,003 INFO ---------------------------------------------------------------------------
2019-06-18 11:09:20,003 INFO |                           2019-06-18 11:09:20                           |
2019-06-18 11:09:20,003 INFO ---------------------------------------------------------------------------
2019-06-18 11:09:20,003 INFO 
2019-06-18 11:09:20,003 ERROR Lib\MarketData.csv is an invalid filepath; recheck parameters
2019-06-18 11:09:20,003 ERROR Error message: [Errno 2] No such file or directory: 'Lib\\MarketData.csv'
2019-06-18 11:10:06,619 INFO ---------------------------------------------------------------------------
2019-06-18 11:10:06,619 INFO |                           2019-06-18 11:10:06                           |
2019-06-18 11:10:06,619 INFO ---------------------------------------------------------------------------
2019-06-18 11:10:06,619 INFO 
2019-06-18 11:10:07,134 INFO Crypto-market data written successfully
2019-06-18 11:10:49,908 INFO ---------------------------------------------------------------------------
2019-06-18 11:10:49,908 INFO |                           2019-06-18 11:10:49                           |
2019-06-18 11:10:49,908 INFO ---------------------------------------------------------------------------
2019-06-18 11:10:49,908 INFO 
2019-06-18 11:10:50,048 INFO Crypto-market data written successfully
2019-06-18 11:11:26,448 INFO ---------------------------------------------------------------------------
2019-06-18 11:11:26,448 INFO |                           2019-06-18 11:11:26                           |
2019-06-18 11:11:26,448 INFO ---------------------------------------------------------------------------
2019-06-18 11:11:26,448 INFO 
2019-06-18 11:11:27,666 INFO Crypto-market data written successfully
