2019-06-17 15:36:50,225 INFO ---------------------------------------------------------------------------
2019-06-17 15:36:50,225 INFO |                           2019-06-17 15:36:50                           |
2019-06-17 15:36:50,225 INFO ---------------------------------------------------------------------------
2019-06-17 15:36:50,225 INFO 
2019-06-17 15:36:50,225 ERROR start and end date were not formatted properly: _get_unix_timestamp() missing 1 required positional argument: 'date_string'
2019-06-17 15:38:05,511 INFO ---------------------------------------------------------------------------
2019-06-17 15:38:05,511 INFO |                           2019-06-17 15:38:05                           |
2019-06-17 15:38:05,511 INFO ---------------------------------------------------------------------------
2019-06-17 15:38:05,511 INFO 
2019-06-17 15:38:05,511 ERROR start and end date were not formatted properly: _get_unix_timestamp() missing 1 required positional argument: 'date_string'
2019-06-17 15:38:26,977 INFO ---------------------------------------------------------------------------
2019-06-17 15:38:26,977 INFO |                           2019-06-17 15:38:26                           |
2019-06-17 15:38:26,977 INFO ---------------------------------------------------------------------------
2019-06-17 15:38:26,977 INFO 
2019-06-17 15:38:26,977 ERROR start and end date were not formatted properly: _get_unix_timestamp() missing 1 required positional argument: 'date_string'
2019-06-17 15:38:54,004 INFO ---------------------------------------------------------------------------
2019-06-17 15:38:54,004 INFO |                           2019-06-17 15:38:54                           |
2019-06-17 15:38:54,004 INFO ---------------------------------------------------------------------------
2019-06-17 15:38:54,004 INFO 
2019-06-17 15:38:54,004 ERROR start and end date were not formatted properly: _get_unix_timestamp() missing 1 required positional argument: 'date_string'
2019-06-17 15:39:13,396 INFO ---------------------------------------------------------------------------
2019-06-17 15:39:13,396 INFO |                           2019-06-17 15:39:13                           |
2019-06-17 15:39:13,396 INFO ---------------------------------------------------------------------------
2019-06-17 15:39:13,396 INFO 
2019-06-17 15:39:13,396 ERROR start and end date were not formatted properly: _get_unix_timestamp() missing 1 required positional argument: 'date_string'
2019-06-17 15:41:10,631 INFO ---------------------------------------------------------------------------
2019-06-17 15:41:10,631 INFO |                           2019-06-17 15:41:10                           |
2019-06-17 15:41:10,631 INFO ---------------------------------------------------------------------------
2019-06-17 15:41:10,631 INFO 
2019-06-17 15:42:40,807 INFO ---------------------------------------------------------------------------
2019-06-17 15:42:40,807 INFO |                           2019-06-17 15:42:40                           |
2019-06-17 15:42:40,807 INFO ---------------------------------------------------------------------------
2019-06-17 15:42:40,807 INFO 
2019-06-17 15:43:08,056 INFO ---------------------------------------------------------------------------
2019-06-17 15:43:08,056 INFO |                           2019-06-17 15:43:08                           |
2019-06-17 15:43:08,056 INFO ---------------------------------------------------------------------------
2019-06-17 15:43:08,056 INFO 
2019-06-17 15:44:07,998 INFO ---------------------------------------------------------------------------
2019-06-17 15:44:07,998 INFO |                           2019-06-17 15:44:07                           |
2019-06-17 15:44:07,998 INFO ---------------------------------------------------------------------------
2019-06-17 15:44:07,998 INFO 
2019-06-17 15:48:29,167 INFO ---------------------------------------------------------------------------
2019-06-17 15:48:29,167 INFO |                           2019-06-17 15:48:29                           |
2019-06-17 15:48:29,167 INFO ---------------------------------------------------------------------------
2019-06-17 15:48:29,167 INFO 
2019-06-17 15:49:00,162 INFO ---------------------------------------------------------------------------
2019-06-17 15:49:00,178 INFO |                           2019-06-17 15:49:00                           |
2019-06-17 15:49:00,178 INFO ---------------------------------------------------------------------------
2019-06-17 15:49:00,178 INFO 
2019-06-17 15:50:08,590 INFO ---------------------------------------------------------------------------
2019-06-17 15:50:08,590 INFO |                           2019-06-17 15:50:08                           |
2019-06-17 15:50:08,590 INFO ---------------------------------------------------------------------------
2019-06-17 15:50:08,590 INFO 
2019-06-17 15:52:23,798 INFO ---------------------------------------------------------------------------
2019-06-17 15:52:23,798 INFO |                           2019-06-17 15:52:23                           |
2019-06-17 15:52:23,798 INFO ---------------------------------------------------------------------------
2019-06-17 15:52:23,798 INFO 
2019-06-17 15:53:24,692 INFO ---------------------------------------------------------------------------
2019-06-17 15:53:24,692 INFO |                           2019-06-17 15:53:24                           |
2019-06-17 15:53:24,692 INFO ---------------------------------------------------------------------------
2019-06-17 15:53:24,692 INFO 
2019-06-17 16:03:16,203 INFO ---------------------------------------------------------------------------
2019-06-17 16:03:16,203 INFO |                           2019-06-17 16:03:16                           |
2019-06-17 16:03:16,203 INFO ---------------------------------------------------------------------------
2019-06-17 16:03:16,203 INFO 
2019-06-17 16:04:09,181 INFO ---------------------------------------------------------------------------
2019-06-17 16:04:09,181 INFO |                           2019-06-17 16:04:09                           |
2019-06-17 16:04:09,181 INFO ---------------------------------------------------------------------------
2019-06-17 16:04:09,181 INFO 
2019-06-17 16:04:52,939 INFO ---------------------------------------------------------------------------
2019-06-17 16:04:52,939 INFO |                           2019-06-17 16:04:52                           |
2019-06-17 16:04:52,939 INFO ---------------------------------------------------------------------------
2019-06-17 16:04:52,939 INFO 
2019-06-17 16:07:05,734 INFO ---------------------------------------------------------------------------
2019-06-17 16:07:05,734 INFO |                           2019-06-17 16:07:05                           |
2019-06-17 16:07:05,734 INFO ---------------------------------------------------------------------------
2019-06-17 16:07:05,734 INFO 
2019-06-17 16:08:11,626 INFO ---------------------------------------------------------------------------
2019-06-17 16:08:11,626 INFO |                           2019-06-17 16:08:11                           |
2019-06-17 16:08:11,626 INFO ---------------------------------------------------------------------------
2019-06-17 16:08:11,626 INFO 
2019-06-17 16:08:41,785 INFO Crypto-market data written successfully
2019-06-17 16:12:28,783 INFO ---------------------------------------------------------------------------
2019-06-17 16:12:28,783 INFO |                           2019-06-17 16:12:28                           |
2019-06-17 16:12:28,783 INFO ---------------------------------------------------------------------------
2019-06-17 16:12:28,783 INFO 
2019-06-17 16:12:28,798 ERROR Lib\June2018_Sep2018.csv is an invalid filepath; recheck parameters
2019-06-17 16:12:28,798 ERROR Error message: [Errno 13] Permission denied: 'Lib\\June2018_Sep2018.csv'
2019-06-17 16:13:47,932 INFO ---------------------------------------------------------------------------
2019-06-17 16:13:47,932 INFO |                           2019-06-17 16:13:47                           |
2019-06-17 16:13:47,932 INFO ---------------------------------------------------------------------------
2019-06-17 16:13:47,932 INFO 
2019-06-17 16:13:47,932 ERROR Lib\June2018_Sep2018.csv is an invalid filepath; recheck parameters
2019-06-17 16:13:47,932 ERROR Error message: [Errno 13] Permission denied: 'Lib\\June2018_Sep2018.csv'
2019-06-17 16:14:02,569 INFO ---------------------------------------------------------------------------
2019-06-17 16:14:02,569 INFO |                           2019-06-17 16:14:02                           |
2019-06-17 16:14:02,569 INFO ---------------------------------------------------------------------------
2019-06-17 16:14:02,569 INFO 
2019-06-17 16:14:02,569 ERROR Lib\June2018_Sep2018.csv is an invalid filepath; recheck parameters
2019-06-17 16:14:02,569 ERROR Error message: [Errno 13] Permission denied: 'Lib\\June2018_Sep2018.csv'
2019-06-17 16:14:33,826 INFO ---------------------------------------------------------------------------
2019-06-17 16:14:33,826 INFO |                           2019-06-17 16:14:33                           |
2019-06-17 16:14:33,826 INFO ---------------------------------------------------------------------------
2019-06-17 16:14:33,826 INFO 
2019-06-17 16:14:33,826 ERROR Lib\June2018_Sep2018.csv is an invalid filepath; recheck parameters
2019-06-17 16:14:33,826 ERROR Error message: [Errno 13] Permission denied: 'Lib\\June2018_Sep2018.csv'
2019-06-17 16:16:06,002 INFO ---------------------------------------------------------------------------
2019-06-17 16:16:06,002 INFO |                           2019-06-17 16:16:06                           |
2019-06-17 16:16:06,002 INFO ---------------------------------------------------------------------------
2019-06-17 16:16:06,002 INFO 
2019-06-17 16:16:06,002 ERROR Lib\June2018_Sep2018.csv is an invalid filepath; recheck parameters
2019-06-17 16:16:06,002 ERROR Error message: [Errno 13] Permission denied: 'Lib\\June2018_Sep2018.csv'
2019-06-17 16:16:59,292 INFO ---------------------------------------------------------------------------
2019-06-17 16:16:59,292 INFO |                           2019-06-17 16:16:59                           |
2019-06-17 16:16:59,292 INFO ---------------------------------------------------------------------------
2019-06-17 16:16:59,292 INFO 
2019-06-17 16:20:00,386 INFO ---------------------------------------------------------------------------
2019-06-17 16:20:00,386 INFO |                           2019-06-17 16:20:00                           |
2019-06-17 16:20:00,386 INFO ---------------------------------------------------------------------------
2019-06-17 16:20:00,386 INFO 
2019-06-17 16:20:02,850 ERROR Lib\June2018_Sep2018.csv is an invalid filepath; recheck parameters
2019-06-17 16:20:02,850 ERROR Error message: [Errno 2] No such file or directory: 'Lib\\June2018_Sep2018.csv'
2019-06-17 16:26:08,295 INFO ---------------------------------------------------------------------------
2019-06-17 16:26:08,295 INFO |                           2019-06-17 16:26:08                           |
2019-06-17 16:26:08,295 INFO ---------------------------------------------------------------------------
2019-06-17 16:26:08,295 INFO 
2019-06-17 16:26:11,282 ERROR Lib\June2018_Sep2018.csv is an invalid filepath; recheck parameters
2019-06-17 16:26:11,282 ERROR Error message: module 'os' has no attribute 'mknod'
2019-06-17 16:26:39,297 INFO ---------------------------------------------------------------------------
2019-06-17 16:26:39,297 INFO |                           2019-06-17 16:26:39                           |
2019-06-17 16:26:39,297 INFO ---------------------------------------------------------------------------
2019-06-17 16:26:39,297 INFO 
2019-06-17 16:28:08,540 INFO ---------------------------------------------------------------------------
2019-06-17 16:28:08,540 INFO |                           2019-06-17 16:28:08                           |
2019-06-17 16:28:08,540 INFO ---------------------------------------------------------------------------
2019-06-17 16:28:08,540 INFO 
2019-06-17 16:28:10,040 ERROR Lib/June2018_Sep2018.csv is an invalid filepath; recheck parameters
2019-06-17 16:28:10,040 ERROR Error message: module 'os' has no attribute 'mknod'
2019-06-17 16:29:32,816 INFO ---------------------------------------------------------------------------
2019-06-17 16:29:32,816 INFO |                           2019-06-17 16:29:32                           |
2019-06-17 16:29:32,816 INFO ---------------------------------------------------------------------------
2019-06-17 16:29:32,816 INFO 
2019-06-17 16:30:03,396 INFO Crypto-market data written successfully
2019-06-17 16:31:04,263 INFO ---------------------------------------------------------------------------
2019-06-17 16:31:04,263 INFO |                           2019-06-17 16:31:04                           |
2019-06-17 16:31:04,263 INFO ---------------------------------------------------------------------------
2019-06-17 16:31:04,263 INFO 
2019-06-17 16:32:40,283 INFO ---------------------------------------------------------------------------
2019-06-17 16:32:40,283 INFO |                           2019-06-17 16:32:40                           |
2019-06-17 16:32:40,283 INFO ---------------------------------------------------------------------------
2019-06-17 16:32:40,283 INFO 
2019-06-17 16:35:42,273 INFO ---------------------------------------------------------------------------
2019-06-17 16:35:42,273 INFO |                           2019-06-17 16:35:42                           |
2019-06-17 16:35:42,273 INFO ---------------------------------------------------------------------------
2019-06-17 16:35:42,273 INFO 
2019-06-17 16:47:50,664 INFO ---------------------------------------------------------------------------
2019-06-17 16:47:50,664 INFO |                           2019-06-17 16:47:50                           |
2019-06-17 16:47:50,664 INFO ---------------------------------------------------------------------------
2019-06-17 16:47:50,664 INFO 
2019-06-17 16:47:57,089 INFO ---------------------------------------------------------------------------
2019-06-17 16:47:57,089 INFO |                           2019-06-17 16:47:57                           |
2019-06-17 16:47:57,089 INFO ---------------------------------------------------------------------------
2019-06-17 16:47:57,089 INFO 
2019-06-17 16:48:29,005 INFO ---------------------------------------------------------------------------
2019-06-17 16:48:29,005 INFO |                           2019-06-17 16:48:29                           |
2019-06-17 16:48:29,005 INFO ---------------------------------------------------------------------------
2019-06-17 16:48:29,005 INFO 
2019-06-17 16:53:12,314 INFO ---------------------------------------------------------------------------
2019-06-17 16:53:12,314 INFO |                           2019-06-17 16:53:12                           |
2019-06-17 16:53:12,314 INFO ---------------------------------------------------------------------------
2019-06-17 16:53:12,314 INFO 
2019-06-17 16:54:12,413 INFO ---------------------------------------------------------------------------
2019-06-17 16:54:12,413 INFO |                           2019-06-17 16:54:12                           |
2019-06-17 16:54:12,413 INFO ---------------------------------------------------------------------------
2019-06-17 16:54:12,413 INFO 
2019-06-17 16:54:36,196 INFO ---------------------------------------------------------------------------
2019-06-17 16:54:36,196 INFO |                           2019-06-17 16:54:36                           |
2019-06-17 16:54:36,196 INFO ---------------------------------------------------------------------------
2019-06-17 16:54:36,196 INFO 
2019-06-17 16:55:25,359 INFO Crypto-market data written successfully
2019-06-17 16:57:31,968 INFO ---------------------------------------------------------------------------
2019-06-17 16:57:31,984 INFO |                           2019-06-17 16:57:31                           |
2019-06-17 16:57:31,984 INFO ---------------------------------------------------------------------------
2019-06-17 16:57:31,984 INFO 
2019-06-17 16:58:33,427 INFO ---------------------------------------------------------------------------
2019-06-17 16:58:33,427 INFO |                           2019-06-17 16:58:33                           |
2019-06-17 16:58:33,427 INFO ---------------------------------------------------------------------------
2019-06-17 16:58:33,427 INFO 
2019-06-17 16:58:41,462 INFO Crypto-market data written successfully
2019-06-17 17:09:30,001 INFO ---------------------------------------------------------------------------
2019-06-17 17:09:30,001 INFO |                           2019-06-17 17:09:29                           |
2019-06-17 17:09:30,001 INFO ---------------------------------------------------------------------------
2019-06-17 17:09:30,001 INFO 
2019-06-17 17:31:03,862 INFO ---------------------------------------------------------------------------
2019-06-17 17:31:03,862 INFO |                           2019-06-17 17:31:03                           |
2019-06-17 17:31:03,862 INFO ---------------------------------------------------------------------------
2019-06-17 17:31:03,862 INFO 
2019-06-17 17:49:16,452 INFO ---------------------------------------------------------------------------
2019-06-17 17:49:16,452 INFO |                           2019-06-17 17:49:16                           |
2019-06-17 17:49:16,452 INFO ---------------------------------------------------------------------------
2019-06-17 17:49:16,452 INFO 
2019-06-17 17:49:27,063 INFO Crypto-market data written successfully
